<?xml version="1.0" encoding="UTF-8"?>
<!-- Generated by org.testng.reporters.JUnitReportReporter -->
<testsuite skipped="1" hostname="BAN-DEVARAJLW10" name="sikuli.ocr.testClass" tests="2" failures="0" timestamp="07 Feb 2018 13:59:47 GMT" time="25.399" errors="0">
  <testcase name="testOpenApplication" time="25.399" classname="sikuli.ocr.testClass"/>
  <testcase name="testSikuliMainframe" classname="sikuli.ocr.testClass">
    <skipped/>
  </testcase> <!-- testSikuliMainframe -->
</testsuite> <!-- sikuli.ocr.testClass -->
